GET/userLog/user_log3042.521ms
GET/userLog/user_log3042.605ms
GET/userLog/user_log304Mon, 10 Dec 2018 14:57:51 GMT::11.1-2.447msMozilla/5.0 (Windows NT 10.0; Win64; x64) AppleWebKit/537.36 (KHTML, like Gecko) Chrome/70.0.3538.110 Safari/537.36
GET/userLog/user_log304Mon, 10 Dec 2018 15:00:15 GMT::11.1-2.726msMozilla/5.0 (Windows NT 10.0; Win64; x64) AppleWebKit/537.36 (KHTML, like Gecko) Chrome/70.0.3538.110 Safari/537.36
请求方法 GET请求链接 /userLog/user_log请求状态 304时间格式 Mon, 10 Dec 2018 15:15:46 GMT远程地址 ::1远程用户 undefinedhttp版本 1.1请求长度 undefined-响应时间 2.511ms浏览器信息 Mozilla/5.0 (Windows NT 10.0; Win64; x64) AppleWebKit/537.36 (KHTML, like Gecko) Chrome/70.0.3538.110 Safari/537.36
请求方式: GET
请求链接: /userLog/user_log
请求状态: 304
时间格式: Mon, 10 Dec 2018 15:17:40 GMT
远程地址: ::1
远程用户: undefined
http版本: 1.1
请求长度: undefined
-响应时间: 2.481ms
浏览器信息: Mozilla/5.0 (Windows NT 10.0; Win64; x64) AppleWebKit/537.36 (KHTML, like Gecko) Chrome/70.0.3538.110 Safari/537.36

请求方式: GET 请求链接: /userLog/user_log 请求状态: 304 时间格式: Mon, 10 Dec 2018 15:19:03 GMT 远程地址: ::1 远程用户: undefined http版本: 1.1 请求长度: undefined -响应时间: 2.606ms 浏览器信息: Mozilla/5.0 (Windows NT 10.0; Win64; x64) AppleWebKit/537.36 (KHTML, like Gecko) Chrome/70.0.3538.110 Safari/537.36 
请求方式: GET 请求链接: /userLog/user_log 请求状态: 304 时间格式: Mon, 10 Dec 2018 15:19:15 GMT 远程地址: ::1 远程用户: undefined http版本: 1.1 请求长度: undefined -响应时间: 2.478ms 浏览器信息: Mozilla/5.0 (Windows NT 10.0; Win64; x64) AppleWebKit/537.36 (KHTML, like Gecko) Chrome/70.0.3538.110 Safari/537.36 
请求方式: GET 请求链接: /userLog/user_log 请求状态: 200 时间格式: Mon, 10 Dec 2018 15:41:48 GMT 远程地址: ::1 远程用户: undefined http版本: 1.1 请求长度: undefined -响应时间: 1.643ms 浏览器信息: Mozilla/5.0 (Windows NT 10.0; Win64; x64) AppleWebKit/537.36 (KHTML, like Gecko) Chrome/70.0.3538.110 Safari/537.36 
请求方式: GET 请求链接: /userLog/user_log 请求状态: 200 时间格式: Mon, 10 Dec 2018 15:42:07 GMT 远程地址: ::1 远程用户: undefined http版本: 1.1 请求长度: 17 -响应时间: 1.523ms 浏览器信息: Mozilla/5.0 (Windows NT 10.0; Win64; x64) AppleWebKit/537.36 (KHTML, like Gecko) Chrome/70.0.3538.110 Safari/537.36 
请求方式: GET 请求链接: /userLog/user_log 请求状态: 304 时间格式: Mon, 10 Dec 2018 15:42:08 GMT 远程地址: ::1 远程用户: undefined http版本: 1.1 请求长度: undefined -响应时间: 0.660ms 浏览器信息: Mozilla/5.0 (Windows NT 10.0; Win64; x64) AppleWebKit/537.36 (KHTML, like Gecko) Chrome/70.0.3538.110 Safari/537.36 
请求方式: GET 请求链接: /userLog/user_log 请求状态: 304 时间格式: Mon, 10 Dec 2018 15:42:08 GMT 远程地址: ::1 远程用户: undefined http版本: 1.1 请求长度: undefined -响应时间: 0.242ms 浏览器信息: Mozilla/5.0 (Windows NT 10.0; Win64; x64) AppleWebKit/537.36 (KHTML, like Gecko) Chrome/70.0.3538.110 Safari/537.36 
请求方式: GET 请求链接: /userLog/user_log 请求状态: 304 时间格式: Mon, 10 Dec 2018 15:42:15 GMT 远程地址: ::1 远程用户: undefined http版本: 1.1 请求长度: undefined -响应时间: 0.307ms 浏览器信息: Mozilla/5.0 (Windows NT 10.0; Win64; x64) AppleWebKit/537.36 (KHTML, like Gecko) Chrome/70.0.3538.110 Safari/537.36 
请求方式: GET 请求链接: /userLog/user_log 请求状态: 304 时间格式: Mon, 10 Dec 2018 15:42:15 GMT 远程地址: ::1 远程用户: undefined http版本: 1.1 请求长度: undefined -响应时间: 0.175ms 浏览器信息: Mozilla/5.0 (Windows NT 10.0; Win64; x64) AppleWebKit/537.36 (KHTML, like Gecko) Chrome/70.0.3538.110 Safari/537.36 
请求方式: GET 请求链接: /userLog/user_log 请求状态: 304 时间格式: Mon, 10 Dec 2018 15:42:26 GMT 远程地址: ::1 远程用户: undefined http版本: 1.1 请求长度: undefined -响应时间: 0.205ms 浏览器信息: Mozilla/5.0 (Windows NT 10.0; Win64; x64) AppleWebKit/537.36 (KHTML, like Gecko) Chrome/70.0.3538.110 Safari/537.36 
请求方式: GET 请求链接: /userLog/user_log 请求状态: 304 时间格式: Mon, 10 Dec 2018 15:42:45 GMT 远程地址: ::1 远程用户: undefined http版本: 1.1 请求长度: undefined -响应时间: 0.173ms 浏览器信息: Mozilla/5.0 (Windows NT 10.0; Win64; x64) AppleWebKit/537.36 (KHTML, like Gecko) Chrome/70.0.3538.110 Safari/537.36 
请求方式: GET 请求链接: /userLog/user_log 请求状态: 304 时间格式: Mon, 10 Dec 2018 15:42:49 GMT 远程地址: ::1 远程用户: undefined http版本: 1.1 请求长度: undefined -响应时间: 0.346ms 浏览器信息: Mozilla/5.0 (Windows NT 10.0; Win64; x64) AppleWebKit/537.36 (KHTML, like Gecko) Chrome/70.0.3538.110 Safari/537.36 
请求方式: GET 请求链接: /userLog/user_log 请求状态: 304 时间格式: Mon, 10 Dec 2018 15:42:49 GMT 远程地址: ::1 远程用户: undefined http版本: 1.1 请求长度: undefined -响应时间: 0.164ms 浏览器信息: Mozilla/5.0 (Windows NT 10.0; Win64; x64) AppleWebKit/537.36 (KHTML, like Gecko) Chrome/70.0.3538.110 Safari/537.36 
请求方式: GET 请求链接: /userLog/user_log 请求状态: 304 时间格式: Mon, 10 Dec 2018 15:42:49 GMT 远程地址: ::1 远程用户: undefined http版本: 1.1 请求长度: undefined -响应时间: 0.152ms 浏览器信息: Mozilla/5.0 (Windows NT 10.0; Win64; x64) AppleWebKit/537.36 (KHTML, like Gecko) Chrome/70.0.3538.110 Safari/537.36 
请求方式: GET 请求链接: /userLog/user_log 请求状态: 304 时间格式: Mon, 10 Dec 2018 15:43:34 GMT 远程地址: ::1 远程用户: undefined http版本: 1.1 请求长度: undefined -响应时间: 0.203ms 浏览器信息: Mozilla/5.0 (Windows NT 10.0; Win64; x64) AppleWebKit/537.36 (KHTML, like Gecko) Chrome/70.0.3538.110 Safari/537.36 
请求方式: GET 请求链接: /userLog/user_log 请求状态: 304 时间格式: Mon, 10 Dec 2018 15:43:42 GMT 远程地址: ::1 远程用户: undefined http版本: 1.1 请求长度: undefined -响应时间: 0.196ms 浏览器信息: Mozilla/5.0 (Windows NT 10.0; Win64; x64) AppleWebKit/537.36 (KHTML, like Gecko) Chrome/70.0.3538.110 Safari/537.36 
请求方式: GET 请求链接: /userLog/user_log 请求状态: 304 时间格式: Mon, 10 Dec 2018 15:43:42 GMT 远程地址: ::1 远程用户: undefined http版本: 1.1 请求长度: undefined -响应时间: 0.154ms 浏览器信息: Mozilla/5.0 (Windows NT 10.0; Win64; x64) AppleWebKit/537.36 (KHTML, like Gecko) Chrome/70.0.3538.110 Safari/537.36 
请求方式: GET 请求链接: /userLog/user_log 请求状态: 304 时间格式: Mon, 10 Dec 2018 15:43:53 GMT 远程地址: ::1 远程用户: undefined http版本: 1.1 请求长度: undefined -响应时间: 0.177ms 浏览器信息: Mozilla/5.0 (Windows NT 10.0; Win64; x64) AppleWebKit/537.36 (KHTML, like Gecko) Chrome/70.0.3538.110 Safari/537.36 
请求方式: GET 请求链接: /userLog/user_log 请求状态: 200 时间格式: Mon, 10 Dec 2018 15:44:30 GMT 远程地址: ::1 远程用户: undefined http版本: 1.1 请求长度: undefined -响应时间: 1.932ms 浏览器信息: Mozilla/5.0 (Windows NT 10.0; Win64; x64) AppleWebKit/537.36 (KHTML, like Gecko) Chrome/70.0.3538.110 Safari/537.36 
请求方式: GET 请求链接: /userLog/user_log 请求状态: 200 时间格式: Mon, 10 Dec 2018 15:59:30 GMT 远程地址: ::1 远程用户: undefined http版本: 1.1 请求长度: 55 -响应时间: 16.058ms 浏览器信息: Mozilla/5.0 (Windows NT 10.0; Win64; x64) AppleWebKit/537.36 (KHTML, like Gecko) Chrome/70.0.3538.110 Safari/537.36 
请求方式: GET 请求链接: /userLog/user_log 请求状态: 304 时间格式: Mon, 10 Dec 2018 16:05:48 GMT 远程地址: ::1 远程用户: undefined http版本: 1.1 请求长度: undefined -响应时间: 17.118ms 浏览器信息: Mozilla/5.0 (Windows NT 10.0; Win64; x64) AppleWebKit/537.36 (KHTML, like Gecko) Chrome/70.0.3538.110 Safari/537.36 
请求方式: GET 请求链接: /userLog/user_log 请求状态: 200 时间格式: Tue, 11 Dec 2018 01:15:30 GMT 远程地址: ::1 远程用户: undefined http版本: 1.1 请求长度: 55 -响应时间: 2.395ms 浏览器信息: Mozilla/5.0 (Windows NT 10.0; WOW64) AppleWebKit/537.36 (KHTML, like Gecko) Chrome/63.0.3239.132 Safari/537.36 
/userLog/user_log请求方式: GET 请求链接: /userLog/user_log 请求状态: 200 时间格式: Tue, 11 Dec 2018 01:56:05 GMT 远程地址: ::1 远程用户: undefined http版本: 1.1 请求长度: 55 -响应时间: 18.453ms 浏览器信息: Mozilla/5.0 (Windows NT 10.0; Win64; x64) AppleWebKit/537.36 (KHTML, like Gecko) Chrome/70.0.3538.110 Safari/537.36 
/userLog/user_log请求方式: GET 请求链接: /userLog/user_log 请求状态: 200 时间格式: Tue, 11 Dec 2018 01:56:05 GMT 远程地址: ::1 远程用户: undefined http版本: 1.1 请求长度: 63 -响应时间: 2.366ms 浏览器信息: Mozilla/5.0 (Windows NT 10.0; Win64; x64) AppleWebKit/537.36 (KHTML, like Gecko) Chrome/70.0.3538.110 Safari/537.36 
请求方式: GET 请求链接: /userLog/user_log 请求状态: 200 时间格式: Tue, 11 Dec 2018 02:03:15 GMT 远程地址: ::1 远程用户: undefined http版本: 1.1 请求长度: 55 -响应时间: 29.969ms 浏览器信息: Mozilla/5.0 (Windows NT 10.0; Win64; x64) AppleWebKit/537.36 (KHTML, like Gecko) Chrome/70.0.3538.110 Safari/537.36 
请求方式: GET 请求链接: /userLog/user_log 请求状态: 200 时间格式: Tue, 11 Dec 2018 02:03:33 GMT 远程地址: ::1 远程用户: undefined http版本: 1.1 请求长度: 63 -响应时间: 8.986ms 浏览器信息: Mozilla/5.0 (Windows NT 10.0; Win64; x64) AppleWebKit/537.36 (KHTML, like Gecko) Chrome/70.0.3538.110 Safari/537.36 
请求方式: GET 请求链接: /userLog/user_log 请求状态: 200 时间格式: Tue, 11 Dec 2018 02:07:43 GMT 远程地址: ::1 远程用户: undefined http版本: 1.1 请求长度: 92 -响应时间: 19.004ms 浏览器信息: Mozilla/5.0 (Windows NT 10.0; Win64; x64) AppleWebKit/537.36 (KHTML, like Gecko) Chrome/70.0.3538.110 Safari/537.36 
请求方式: GET 请求链接: /userLog/user_log 请求状态: 200 时间格式: Tue, 11 Dec 2018 02:08:35 GMT 远程地址: ::1 远程用户: undefined http版本: 1.1 请求长度: 55 -响应时间: 18.336ms 浏览器信息: Mozilla/5.0 (Windows NT 10.0; Win64; x64) AppleWebKit/537.36 (KHTML, like Gecko) Chrome/70.0.3538.110 Safari/537.36 
请求方式: GET 请求链接: /userLog/user_log 请求状态: 304 时间格式: Tue, 11 Dec 2018 02:09:25 GMT 远程地址: ::1 远程用户: undefined http版本: 1.1 请求长度: undefined -响应时间: 19.121ms 浏览器信息: Mozilla/5.0 (Windows NT 10.0; Win64; x64) AppleWebKit/537.36 (KHTML, like Gecko) Chrome/70.0.3538.110 Safari/537.36 
请求方式: GET 请求链接: /userLog/user_log 请求状态: 304 时间格式: Tue, 11 Dec 2018 02:09:44 GMT 远程地址: ::1 远程用户: undefined http版本: 1.1 请求长度: undefined -响应时间: 18.364ms 浏览器信息: Mozilla/5.0 (Windows NT 10.0; Win64; x64) AppleWebKit/537.36 (KHTML, like Gecko) Chrome/70.0.3538.110 Safari/537.36 
请求方式: GET 请求链接: /userLog/user_log 请求状态: 304 时间格式: Tue, 11 Dec 2018 02:09:45 GMT 远程地址: ::1 远程用户: undefined http版本: 1.1 请求长度: undefined -响应时间: 3.884ms 浏览器信息: Mozilla/5.0 (Windows NT 10.0; Win64; x64) AppleWebKit/537.36 (KHTML, like Gecko) Chrome/70.0.3538.110 Safari/537.36 
请求方式: GET 请求链接: /userLog/user_log 请求状态: 304 时间格式: Tue, 11 Dec 2018 02:09:45 GMT 远程地址: ::1 远程用户: undefined http版本: 1.1 请求长度: undefined -响应时间: 3.907ms 浏览器信息: Mozilla/5.0 (Windows NT 10.0; Win64; x64) AppleWebKit/537.36 (KHTML, like Gecko) Chrome/70.0.3538.110 Safari/537.36 
请求方式: GET 请求链接: /userLog/user_log 请求状态: 304 时间格式: Tue, 11 Dec 2018 02:09:46 GMT 远程地址: ::1 远程用户: undefined http版本: 1.1 请求长度: undefined -响应时间: 2.244ms 浏览器信息: Mozilla/5.0 (Windows NT 10.0; Win64; x64) AppleWebKit/537.36 (KHTML, like Gecko) Chrome/70.0.3538.110 Safari/537.36 
请求方式: GET 请求链接: /userLog/user_log 请求状态: 304 时间格式: Tue, 11 Dec 2018 02:09:46 GMT 远程地址: ::1 远程用户: undefined http版本: 1.1 请求长度: undefined -响应时间: 3.577ms 浏览器信息: Mozilla/5.0 (Windows NT 10.0; Win64; x64) AppleWebKit/537.36 (KHTML, like Gecko) Chrome/70.0.3538.110 Safari/537.36 
请求方式: GET 请求链接: /userLog/user_log 请求状态: 304 时间格式: Tue, 11 Dec 2018 02:09:46 GMT 远程地址: ::1 远程用户: undefined http版本: 1.1 请求长度: undefined -响应时间: 1.974ms 浏览器信息: Mozilla/5.0 (Windows NT 10.0; Win64; x64) AppleWebKit/537.36 (KHTML, like Gecko) Chrome/70.0.3538.110 Safari/537.36 
请求方式: GET 请求链接: /userLog/user_log 请求状态: 304 时间格式: Tue, 11 Dec 2018 02:10:08 GMT 远程地址: ::1 远程用户: undefined http版本: 1.1 请求长度: undefined -响应时间: 18.128ms 浏览器信息: Mozilla/5.0 (Windows NT 10.0; Win64; x64) AppleWebKit/537.36 (KHTML, like Gecko) Chrome/70.0.3538.110 Safari/537.36 
请求方式: GET 请求链接: /userLog/user_log 请求状态: 304 时间格式: Tue, 11 Dec 2018 02:10:14 GMT 远程地址: ::1 远程用户: undefined http版本: 1.1 请求长度: undefined -响应时间: 3.426ms 浏览器信息: Mozilla/5.0 (Windows NT 10.0; Win64; x64) AppleWebKit/537.36 (KHTML, like Gecko) Chrome/70.0.3538.110 Safari/537.36 
请求方式: GET 请求链接: /userLog/user_log 请求状态: 304 时间格式: Tue, 11 Dec 2018 02:11:50 GMT 远程地址: ::1 远程用户: undefined http版本: 1.1 请求长度: undefined -响应时间: 17.884ms 浏览器信息: Mozilla/5.0 (Windows NT 10.0; Win64; x64) AppleWebKit/537.36 (KHTML, like Gecko) Chrome/70.0.3538.110 Safari/537.36 
请求方式: GET 请求链接: /userLog/user_log 请求状态: 304 时间格式: Tue, 11 Dec 2018 02:11:51 GMT 远程地址: ::1 远程用户: undefined http版本: 1.1 请求长度: undefined -响应时间: 3.196ms 浏览器信息: Mozilla/5.0 (Windows NT 10.0; Win64; x64) AppleWebKit/537.36 (KHTML, like Gecko) Chrome/70.0.3538.110 Safari/537.36 
请求方式: GET 请求链接: /userLog/user_log 请求状态: 304 时间格式: Tue, 11 Dec 2018 02:11:51 GMT 远程地址: ::1 远程用户: undefined http版本: 1.1 请求长度: undefined -响应时间: 1.967ms 浏览器信息: Mozilla/5.0 (Windows NT 10.0; Win64; x64) AppleWebKit/537.36 (KHTML, like Gecko) Chrome/70.0.3538.110 Safari/537.36 
请求方式: GET 请求链接: /userLog/user_log 请求状态: 304 时间格式: Tue, 11 Dec 2018 02:11:51 GMT 远程地址: ::1 远程用户: undefined http版本: 1.1 请求长度: undefined -响应时间: 1.567ms 浏览器信息: Mozilla/5.0 (Windows NT 10.0; Win64; x64) AppleWebKit/537.36 (KHTML, like Gecko) Chrome/70.0.3538.110 Safari/537.36 
请求方式: GET 请求链接: /userLog/user_log 请求状态: 304 时间格式: Tue, 11 Dec 2018 02:11:52 GMT 远程地址: ::1 远程用户: undefined http版本: 1.1 请求长度: undefined -响应时间: 1.795ms 浏览器信息: Mozilla/5.0 (Windows NT 10.0; Win64; x64) AppleWebKit/537.36 (KHTML, like Gecko) Chrome/70.0.3538.110 Safari/537.36 
请求方式: GET 请求链接: /userLog/user_log 请求状态: 304 时间格式: Tue, 11 Dec 2018 02:11:52 GMT 远程地址: ::1 远程用户: undefined http版本: 1.1 请求长度: undefined -响应时间: 2.075ms 浏览器信息: Mozilla/5.0 (Windows NT 10.0; Win64; x64) AppleWebKit/537.36 (KHTML, like Gecko) Chrome/70.0.3538.110 Safari/537.36 
请求方式: GET 请求链接: /userLog/user_log 请求状态: 304 时间格式: Tue, 11 Dec 2018 02:12:14 GMT 远程地址: ::1 远程用户: undefined http版本: 1.1 请求长度: undefined -响应时间: 18.348ms 浏览器信息: Mozilla/5.0 (Windows NT 10.0; Win64; x64) AppleWebKit/537.36 (KHTML, like Gecko) Chrome/70.0.3538.110 Safari/537.36 
请求方式: GET 请求链接: /userLog/user_log 请求状态: 304 时间格式: Tue, 11 Dec 2018 02:12:14 GMT 远程地址: ::1 远程用户: undefined http版本: 1.1 请求长度: undefined -响应时间: 2.470ms 浏览器信息: Mozilla/5.0 (Windows NT 10.0; Win64; x64) AppleWebKit/537.36 (KHTML, like Gecko) Chrome/70.0.3538.110 Safari/537.36 
请求方式: GET 请求链接: /userLog/user_log 请求状态: 304 时间格式: Tue, 11 Dec 2018 02:12:14 GMT 远程地址: ::1 远程用户: undefined http版本: 1.1 请求长度: undefined -响应时间: 1.827ms 浏览器信息: Mozilla/5.0 (Windows NT 10.0; Win64; x64) AppleWebKit/537.36 (KHTML, like Gecko) Chrome/70.0.3538.110 Safari/537.36 
请求方式: GET 请求链接: /userLog/user_log 请求状态: 304 时间格式: Tue, 11 Dec 2018 02:12:15 GMT 远程地址: ::1 远程用户: undefined http版本: 1.1 请求长度: undefined -响应时间: 2.036ms 浏览器信息: Mozilla/5.0 (Windows NT 10.0; Win64; x64) AppleWebKit/537.36 (KHTML, like Gecko) Chrome/70.0.3538.110 Safari/537.36 
请求方式: GET 请求链接: /userLog/user_log 请求状态: 304 时间格式: Tue, 11 Dec 2018 02:12:15 GMT 远程地址: ::1 远程用户: undefined http版本: 1.1 请求长度: undefined -响应时间: 1.947ms 浏览器信息: Mozilla/5.0 (Windows NT 10.0; Win64; x64) AppleWebKit/537.36 (KHTML, like Gecko) Chrome/70.0.3538.110 Safari/537.36 
请求方式: GET 请求链接: /userLog/user_log 请求状态: 304 时间格式: Tue, 11 Dec 2018 02:12:15 GMT 远程地址: ::1 远程用户: undefined http版本: 1.1 请求长度: undefined -响应时间: 1.959ms 浏览器信息: Mozilla/5.0 (Windows NT 10.0; Win64; x64) AppleWebKit/537.36 (KHTML, like Gecko) Chrome/70.0.3538.110 Safari/537.36 
请求方式: GET 请求链接: /userLog/user_log 请求状态: 304 时间格式: Tue, 11 Dec 2018 02:12:15 GMT 远程地址: ::1 远程用户: undefined http版本: 1.1 请求长度: undefined -响应时间: 1.803ms 浏览器信息: Mozilla/5.0 (Windows NT 10.0; Win64; x64) AppleWebKit/537.36 (KHTML, like Gecko) Chrome/70.0.3538.110 Safari/537.36 
请求方式: GET 请求链接: /userLog/user_log 请求状态: 304 时间格式: Tue, 11 Dec 2018 02:12:23 GMT 远程地址: ::1 远程用户: undefined http版本: 1.1 请求长度: undefined -响应时间: 2.561ms 浏览器信息: Mozilla/5.0 (Windows NT 10.0; Win64; x64) AppleWebKit/537.36 (KHTML, like Gecko) Chrome/70.0.3538.110 Safari/537.36 
请求方式: GET 请求链接: /userLog/user_log 请求状态: 304 时间格式: Tue, 11 Dec 2018 02:12:23 GMT 远程地址: ::1 远程用户: undefined http版本: 1.1 请求长度: undefined -响应时间: 2.010ms 浏览器信息: Mozilla/5.0 (Windows NT 10.0; Win64; x64) AppleWebKit/537.36 (KHTML, like Gecko) Chrome/70.0.3538.110 Safari/537.36 
请求方式: GET 请求链接: /userLog/user_log 请求状态: 304 时间格式: Tue, 11 Dec 2018 02:12:23 GMT 远程地址: ::1 远程用户: undefined http版本: 1.1 请求长度: undefined -响应时间: 1.853ms 浏览器信息: Mozilla/5.0 (Windows NT 10.0; Win64; x64) AppleWebKit/537.36 (KHTML, like Gecko) Chrome/70.0.3538.110 Safari/537.36 
请求方式: GET 请求链接: /userLog/user_log 请求状态: 304 时间格式: Tue, 11 Dec 2018 02:12:24 GMT 远程地址: ::1 远程用户: undefined http版本: 1.1 请求长度: undefined -响应时间: 2.169ms 浏览器信息: Mozilla/5.0 (Windows NT 10.0; Win64; x64) AppleWebKit/537.36 (KHTML, like Gecko) Chrome/70.0.3538.110 Safari/537.36 
请求方式: GET 请求链接: /userLog/user_log 请求状态: 304 时间格式: Tue, 11 Dec 2018 02:13:53 GMT 远程地址: ::1 远程用户: undefined http版本: 1.1 请求长度: undefined -响应时间: 518.866ms 浏览器信息: Mozilla/5.0 (Windows NT 10.0; Win64; x64) AppleWebKit/537.36 (KHTML, like Gecko) Chrome/70.0.3538.110 Safari/537.36 
请求方式: GET 请求链接: /userLog/user_log 请求状态: 304 时间格式: Tue, 11 Dec 2018 02:13:59 GMT 远程地址: ::1 远程用户: undefined http版本: 1.1 请求长度: undefined -响应时间: 503.794ms 浏览器信息: Mozilla/5.0 (Windows NT 10.0; Win64; x64) AppleWebKit/537.36 (KHTML, like Gecko) Chrome/70.0.3538.110 Safari/537.36 
请求方式: GET 请求链接: /userLog/user_log 请求状态: 304 时间格式: Tue, 11 Dec 2018 02:14:01 GMT 远程地址: ::1 远程用户: undefined http版本: 1.1 请求长度: undefined -响应时间: 502.756ms 浏览器信息: Mozilla/5.0 (Windows NT 10.0; Win64; x64) AppleWebKit/537.36 (KHTML, like Gecko) Chrome/70.0.3538.110 Safari/537.36 
请求方式: GET 请求链接: /userLog/user_log 请求状态: 304 时间格式: Tue, 11 Dec 2018 02:20:45 GMT 远程地址: ::1 远程用户: undefined http版本: 1.1 请求长度: undefined -响应时间: 18.018ms 浏览器信息: Mozilla/5.0 (Windows NT 10.0; Win64; x64) AppleWebKit/537.36 (KHTML, like Gecko) Chrome/70.0.3538.110 Safari/537.36 
请求方式: GET 请求链接: /userLog/user_log 请求状态: 200 时间格式: Tue, 11 Dec 2018 02:20:46 GMT 远程地址: ::1 远程用户: undefined http版本: 1.1 请求长度: 63 -响应时间: 2.777ms 浏览器信息: Mozilla/5.0 (Windows NT 10.0; Win64; x64) AppleWebKit/537.36 (KHTML, like Gecko) Chrome/70.0.3538.110 Safari/537.36 
请求方式: GET 请求链接: /userLog/user_log 请求状态: 304 时间格式: Tue, 11 Dec 2018 02:20:47 GMT 远程地址: ::1 远程用户: undefined http版本: 1.1 请求长度: undefined -响应时间: 1.759ms 浏览器信息: Mozilla/5.0 (Windows NT 10.0; Win64; x64) AppleWebKit/537.36 (KHTML, like Gecko) Chrome/70.0.3538.110 Safari/537.36 
请求方式: GET 请求链接: /userLog/user_log 请求状态: 304 时间格式: Tue, 11 Dec 2018 02:20:47 GMT 远程地址: ::1 远程用户: undefined http版本: 1.1 请求长度: undefined -响应时间: 2.037ms 浏览器信息: Mozilla/5.0 (Windows NT 10.0; Win64; x64) AppleWebKit/537.36 (KHTML, like Gecko) Chrome/70.0.3538.110 Safari/537.36 
请求方式: GET 请求链接: /userLog/user_log 请求状态: 304 时间格式: Tue, 11 Dec 2018 02:20:48 GMT 远程地址: ::1 远程用户: undefined http版本: 1.1 请求长度: undefined -响应时间: 1.610ms 浏览器信息: Mozilla/5.0 (Windows NT 10.0; Win64; x64) AppleWebKit/537.36 (KHTML, like Gecko) Chrome/70.0.3538.110 Safari/537.36 
请求方式: GET 请求链接: /userLog/user_log 请求状态: 304 时间格式: Tue, 11 Dec 2018 02:20:48 GMT 远程地址: ::1 远程用户: undefined http版本: 1.1 请求长度: undefined -响应时间: 1.868ms 浏览器信息: Mozilla/5.0 (Windows NT 10.0; Win64; x64) AppleWebKit/537.36 (KHTML, like Gecko) Chrome/70.0.3538.110 Safari/537.36 
请求方式: GET 请求链接: /userLog/user_log 请求状态: 304 时间格式: Tue, 11 Dec 2018 02:20:48 GMT 远程地址: ::1 远程用户: undefined http版本: 1.1 请求长度: undefined -响应时间: 1.671ms 浏览器信息: Mozilla/5.0 (Windows NT 10.0; Win64; x64) AppleWebKit/537.36 (KHTML, like Gecko) Chrome/70.0.3538.110 Safari/537.36 
请求方式: GET 请求链接: /userLog/user_log 请求状态: 304 时间格式: Tue, 11 Dec 2018 02:20:48 GMT 远程地址: ::1 远程用户: undefined http版本: 1.1 请求长度: undefined -响应时间: 1.601ms 浏览器信息: Mozilla/5.0 (Windows NT 10.0; Win64; x64) AppleWebKit/537.36 (KHTML, like Gecko) Chrome/70.0.3538.110 Safari/537.36 
请求方式: GET 请求链接: /userLog/user_log 请求状态: 304 时间格式: Tue, 11 Dec 2018 02:20:48 GMT 远程地址: ::1 远程用户: undefined http版本: 1.1 请求长度: undefined -响应时间: 2.086ms 浏览器信息: Mozilla/5.0 (Windows NT 10.0; Win64; x64) AppleWebKit/537.36 (KHTML, like Gecko) Chrome/70.0.3538.110 Safari/537.36 
请求方式: GET 请求链接: /userLog/user_log 请求状态: 200 时间格式: Tue, 11 Dec 2018 02:21:44 GMT 远程地址: ::1 远程用户: undefined http版本: 1.1 请求长度: 55 -响应时间: 1017.688ms 浏览器信息: Mozilla/5.0 (Windows NT 10.0; Win64; x64) AppleWebKit/537.36 (KHTML, like Gecko) Chrome/70.0.3538.110 Safari/537.36 
请求方式: GET 请求链接: /userLog/user_log 请求状态: 200 时间格式: Tue, 11 Dec 2018 02:21:45 GMT 远程地址: ::1 远程用户: undefined http版本: 1.1 请求长度: 63 -响应时间: 1003.098ms 浏览器信息: Mozilla/5.0 (Windows NT 10.0; Win64; x64) AppleWebKit/537.36 (KHTML, like Gecko) Chrome/70.0.3538.110 Safari/537.36 
请求方式: GET 请求链接: /userLog/user_log 请求状态: 200 时间格式: Tue, 11 Dec 2018 02:22:46 GMT 远程地址: ::1 远程用户: undefined http版本: 1.1 请求长度: 55 -响应时间: 19.363ms 浏览器信息: Mozilla/5.0 (Windows NT 10.0; Win64; x64) AppleWebKit/537.36 (KHTML, like Gecko) Chrome/70.0.3538.110 Safari/537.36 
请求方式: GET 请求链接: /userLog/user_log 请求状态: 200 时间格式: Tue, 11 Dec 2018 02:22:55 GMT 远程地址: ::1 远程用户: undefined http版本: 1.1 请求长度: 63 -响应时间: 3.902ms 浏览器信息: Mozilla/5.0 (Windows NT 10.0; Win64; x64) AppleWebKit/537.36 (KHTML, like Gecko) Chrome/70.0.3538.110 Safari/537.36 
请求方式: GET 请求链接: /userLog/user_log 请求状态: 304 时间格式: Tue, 11 Dec 2018 02:22:59 GMT 远程地址: ::1 远程用户: undefined http版本: 1.1 请求长度: undefined -响应时间: 1.955ms 浏览器信息: Mozilla/5.0 (Windows NT 10.0; Win64; x64) AppleWebKit/537.36 (KHTML, like Gecko) Chrome/70.0.3538.110 Safari/537.36 
请求方式: GET 请求链接: /userLog/user_log 请求状态: 200 时间格式: Tue, 11 Dec 2018 02:23:29 GMT 远程地址: ::1 远程用户: undefined http版本: 1.1 请求长度: 55 -响应时间: 18.692ms 浏览器信息: Mozilla/5.0 (Windows NT 10.0; Win64; x64) AppleWebKit/537.36 (KHTML, like Gecko) Chrome/70.0.3538.110 Safari/537.36 
请求方式: GET 请求链接: /userLog/user_log 请求状态: 304 时间格式: Tue, 11 Dec 2018 02:25:04 GMT 远程地址: ::1 远程用户: undefined http版本: 1.1 请求长度: undefined -响应时间: 26.463ms 浏览器信息: Mozilla/5.0 (Windows NT 10.0; Win64; x64) AppleWebKit/537.36 (KHTML, like Gecko) Chrome/70.0.3538.110 Safari/537.36 
请求方式: GET 请求链接: /userLog/user_log 请求状态: 304 时间格式: Tue, 11 Dec 2018 02:25:23 GMT 远程地址: ::1 远程用户: undefined http版本: 1.1 请求长度: undefined -响应时间: 26.834ms 浏览器信息: Mozilla/5.0 (Windows NT 10.0; Win64; x64) AppleWebKit/537.36 (KHTML, like Gecko) Chrome/70.0.3538.110 Safari/537.36 
请求方式: GET 请求链接: /userLog/user_log 请求状态: 304 时间格式: Tue, 11 Dec 2018 02:25:44 GMT 远程地址: ::1 远程用户: undefined http版本: 1.1 请求长度: undefined -响应时间: 1030.878ms 浏览器信息: Mozilla/5.0 (Windows NT 10.0; Win64; x64) AppleWebKit/537.36 (KHTML, like Gecko) Chrome/70.0.3538.110 Safari/537.36 
请求方式: GET 请求链接: /userLog/user_log 请求状态: 200 时间格式: Tue, 11 Dec 2018 02:45:43 GMT 远程地址: ::1 远程用户: undefined http版本: 1.1 请求长度: 55 -响应时间: 18.311ms 浏览器信息: Mozilla/5.0 (Windows NT 10.0; Win64; x64) AppleWebKit/537.36 (KHTML, like Gecko) Chrome/70.0.3538.110 Safari/537.36 
请求方式: GET 请求链接: /userLog/user_log 请求状态: 304 时间格式: Tue, 11 Dec 2018 02:47:19 GMT 远程地址: ::1 远程用户: undefined http版本: 1.1 请求长度: undefined -响应时间: 1020.213ms 浏览器信息: Mozilla/5.0 (Windows NT 10.0; Win64; x64) AppleWebKit/537.36 (KHTML, like Gecko) Chrome/70.0.3538.110 Safari/537.36 
请求方式: GET 请求链接: /userLog/user_log 请求状态: 200 时间格式: Tue, 11 Dec 2018 02:47:26 GMT 远程地址: ::1 远程用户: undefined http版本: 1.1 请求长度: 63 -响应时间: 1005.526ms 浏览器信息: Mozilla/5.0 (Windows NT 10.0; Win64; x64) AppleWebKit/537.36 (KHTML, like Gecko) Chrome/70.0.3538.110 Safari/537.36 
请求方式: GET 请求链接: /userLog/user_log 请求状态: 200 时间格式: Tue, 11 Dec 2018 02:48:14 GMT 远程地址: ::1 远程用户: undefined http版本: 1.1 请求长度: 55 -响应时间: 18.233ms 浏览器信息: Mozilla/5.0 (Windows NT 10.0; Win64; x64) AppleWebKit/537.36 (KHTML, like Gecko) Chrome/70.0.3538.110 Safari/537.36 
请求方式: GET 请求链接: /userLog/user_log 请求状态: 200 时间格式: Tue, 11 Dec 2018 03:20:39 GMT 远程地址: ::1 远程用户: undefined http版本: 1.1 请求长度: 49 -响应时间: 16.492ms 浏览器信息: Mozilla/5.0 (Windows NT 10.0; Win64; x64) AppleWebKit/537.36 (KHTML, like Gecko) Chrome/70.0.3538.110 Safari/537.36 
请求方式: GET 请求链接: /userLog/user_log 请求状态: 304 时间格式: Tue, 11 Dec 2018 03:22:15 GMT 远程地址: ::1 远程用户: undefined http版本: 1.1 请求长度: undefined -响应时间: 16.705ms 浏览器信息: Mozilla/5.0 (Windows NT 10.0; Win64; x64) AppleWebKit/537.36 (KHTML, like Gecko) Chrome/70.0.3538.110 Safari/537.36 
请求方式: GET 请求链接: /userLog/user_log 请求状态: 304 时间格式: Tue, 11 Dec 2018 10:22:41 GMT 远程地址: ::1 远程用户: undefined http版本: 1.1 请求长度: undefined -响应时间: 2.544ms 浏览器信息: Mozilla/5.0 (Windows NT 10.0; Win64; x64) AppleWebKit/537.36 (KHTML, like Gecko) Chrome/70.0.3538.110 Safari/537.36 
